2018-09-06 09:34:03.9895 | Info | 进程对应的目录不存在 
 
2018-09-06 09:34:22.9990 | Info | AKRemindReport.AkProduct-> 早餐  
06:00-06:30 
2018-09-06 09:34:23.4775 | Info | AKRemindReport.AkProduct-> 早餐  
06:30-07:00 
2018-09-06 09:34:23.6617 | Info | AKRemindReport.AkProduct-> 早餐  
07:00-07:30 
2018-09-06 09:34:23.8493 | Info | AKRemindReport.AkProduct-> 早餐  
07:30-08:00 
2018-09-06 09:34:24.0211 | Info | AKRemindReport.AkProduct-> 早餐  
08:00-08:30 
2018-09-06 09:34:24.3457 | Info | AKRemindReport.AkProduct-> 早餐  
08:30-09:00 
2018-09-06 09:34:24.5958 | Info | AKRemindReport.AkProduct-> 早餐  
09:00-09:30 
2018-09-06 09:34:24.7832 | Info | AKRemindReport.AkProduct-> 早餐  
09:30-10:00 
2018-09-06 09:34:25.2833 | Info | AKRemindReport.AkProduct-> 午餐  
10:00-10:30 
2018-09-06 09:34:25.5334 | Info | AKRemindReport.AkProduct-> 午餐  
10:30-11:00 
2018-09-06 09:34:25.7834 | Info | AKRemindReport.AkProduct-> 午餐  
11:00-11:30 
2018-09-06 09:34:26.0334 | Info | AKRemindReport.AkProduct-> 午餐  
11:30-12:00 
2018-09-06 09:34:26.2990 | Info | AKRemindReport.AkProduct-> 午餐  
12:00-12:30 
2018-09-06 09:34:26.4866 | Info | AKRemindReport.AkProduct-> 午餐  
12:30-13:00 
2018-09-06 09:34:26.7366 | Info | AKRemindReport.AkProduct-> 午餐  
13:00-13:30 
2018-09-06 09:34:26.9241 | Info | AKRemindReport.AkProduct-> 午餐  
13:30-14:00 
2018-09-06 09:34:27.4242 | Info | AKRemindReport.AkProduct-> 下午茶  
14:00-14:30 
2018-09-06 09:34:27.6586 | Info | AKRemindReport.AkProduct-> 下午茶  
14:30-15:00 
2018-09-06 09:34:27.9243 | Info | AKRemindReport.AkProduct-> 下午茶  
15:00-15:30 
2018-09-06 09:34:28.1586 | Info | AKRemindReport.AkProduct-> 下午茶  
15:30-16:00 
2018-09-06 09:34:28.4243 | Info | AKRemindReport.AkProduct-> 下午茶  
16:00-16:30 
2018-09-06 09:34:28.6743 | Info | AKRemindReport.AkProduct-> 下午茶  
16:30-17:00 
2018-09-06 09:34:29.1900 | Info | AKRemindReport.AkProduct-> 晚餐  
17:00-17:30 
2018-09-06 09:34:29.4400 | Info | AKRemindReport.AkProduct-> 晚餐  
17:30-18:00 
2018-09-06 09:34:29.7057 | Info | AKRemindReport.AkProduct-> 晚餐  
18:00-18:30 
2018-09-06 09:34:29.9557 | Info | AKRemindReport.AkProduct-> 晚餐  
18:30-19:00 
2018-09-06 09:34:30.2058 | Info | AKRemindReport.AkProduct-> 晚餐  
19:00-19:30 
2018-09-06 09:34:30.3776 | Info | AKRemindReport.AkProduct-> 晚餐  
19:30-20:00 
2018-09-06 09:34:30.6277 | Info | AKRemindReport.AkProduct-> 晚餐  
20:00-20:30 
2018-09-06 09:34:30.8777 | Info | AKRemindReport.AkProduct-> 晚餐  
20:30-21:00 
2018-09-06 09:34:31.1277 | Info | AKRemindReport.AkProduct-> 晚餐  
21:00-21:30 
2018-09-06 09:34:31.3621 | Info | AKRemindReport.AkProduct-> 晚餐  
21:30-22:00 
2018-09-06 09:43:22.9104 | Info | 进程对应的目录不存在 
 
2018-09-06 09:43:39.0848 | Info | AKRemindReport.AkProduct-> 早餐  
06:00-06:30 
2018-09-06 09:43:39.3504 | Info | AKRemindReport.AkProduct-> 早餐  
06:30-07:00 
2018-09-06 09:43:39.5379 | Info | AKRemindReport.AkProduct-> 早餐  
07:00-07:30 
2018-09-06 09:43:39.7099 | Info | AKRemindReport.AkProduct-> 早餐  
07:30-08:00 
2018-09-06 09:43:39.8818 | Info | AKRemindReport.AkProduct-> 早餐  
08:00-08:30 
2018-09-06 09:43:40.1318 | Info | AKRemindReport.AkProduct-> 早餐  
08:30-09:00 
2018-09-06 09:43:40.3818 | Info | AKRemindReport.AkProduct-> 早餐  
09:00-09:30 
2018-09-06 09:43:40.6006 | Info | AKRemindReport.AkProduct-> 早餐  
09:30-10:00 
2018-09-06 09:43:41.0850 | Info | AKRemindReport.AkProduct-> 午餐  
10:00-10:30 
2018-09-06 09:43:41.3350 | Info | AKRemindReport.AkProduct-> 午餐  
10:30-11:00 
2018-09-06 09:43:41.6006 | Info | AKRemindReport.AkProduct-> 午餐  
11:00-11:30 
2018-09-06 09:43:41.8507 | Info | AKRemindReport.AkProduct-> 午餐  
11:30-12:00 
2018-09-06 09:43:42.1007 | Info | AKRemindReport.AkProduct-> 午餐  
12:00-12:30 
2018-09-06 09:43:42.2726 | Info | AKRemindReport.AkProduct-> 午餐  
12:30-13:00 
2018-09-06 09:43:42.5226 | Info | AKRemindReport.AkProduct-> 午餐  
13:00-13:30 
2018-09-06 09:43:42.7258 | Info | AKRemindReport.AkProduct-> 午餐  
13:30-14:00 
2018-09-06 09:43:43.2258 | Info | AKRemindReport.AkProduct-> 下午茶  
14:00-14:30 
2018-09-06 09:43:43.4759 | Info | AKRemindReport.AkProduct-> 下午茶  
14:30-15:00 
2018-09-06 09:43:43.7415 | Info | AKRemindReport.AkProduct-> 下午茶  
15:00-15:30 
2018-09-06 09:43:43.9915 | Info | AKRemindReport.AkProduct-> 下午茶  
15:30-16:00 
2018-09-06 09:43:44.2728 | Info | AKRemindReport.AkProduct-> 下午茶  
16:00-16:30 
2018-09-06 09:43:44.5229 | Info | AKRemindReport.AkProduct-> 下午茶  
16:30-17:00 
2018-09-06 09:43:45.0385 | Info | AKRemindReport.AkProduct-> 晚餐  
17:00-17:30 
2018-09-06 09:43:45.2886 | Info | AKRemindReport.AkProduct-> 晚餐  
17:30-18:00 
2018-09-06 09:43:45.5229 | Info | AKRemindReport.AkProduct-> 晚餐  
18:00-18:30 
2018-09-06 09:43:45.7886 | Info | AKRemindReport.AkProduct-> 晚餐  
18:30-19:00 
2018-09-06 09:43:46.0387 | Info | AKRemindReport.AkProduct-> 晚餐  
19:00-19:30 
2018-09-06 09:43:46.2261 | Info | AKRemindReport.AkProduct-> 晚餐  
19:30-20:00 
2018-09-06 09:43:46.4605 | Info | AKRemindReport.AkProduct-> 晚餐  
20:00-20:30 
2018-09-06 09:43:46.7106 | Info | AKRemindReport.AkProduct-> 晚餐  
20:30-21:00 
2018-09-06 09:43:46.9606 | Info | AKRemindReport.AkProduct-> 晚餐  
21:00-21:30 
2018-09-06 09:43:47.2107 | Info | AKRemindReport.AkProduct-> 晚餐  
21:30-22:00 
