2018-11-05 18:25:14.2984 | Info | ½ø³Ì¶ÔÓ¦µÄÄ¿Â¼²»´æÔÚ 
 
2018-11-05 18:25:34.3812 | Info | AKRemindReport.AkProduct-> Ôç²Í  
06:00-06:30 
2018-11-05 18:25:34.8017 | Info | AKRemindReport.AkProduct-> Ôç²Í  
06:30-07:00 
2018-11-05 18:25:34.9735 | Info | AKRemindReport.AkProduct-> Ôç²Í  
07:00-07:30 
2018-11-05 18:25:35.1609 | Info | AKRemindReport.AkProduct-> Ôç²Í  
07:30-08:00 
2018-11-05 18:25:35.3328 | Info | AKRemindReport.AkProduct-> Ôç²Í  
08:00-08:30 
2018-11-05 18:25:35.6404 | Info | AKRemindReport.AkProduct-> Ôç²Í  
08:30-09:00 
2018-11-05 18:25:35.8903 | Info | AKRemindReport.AkProduct-> Ôç²Í  
09:00-09:30 
2018-11-05 18:25:36.0778 | Info | AKRemindReport.AkProduct-> Ôç²Í  
09:30-10:00 
2018-11-05 18:25:36.5731 | Info | AKRemindReport.AkProduct-> Îç²Í  
10:00-10:30 
2018-11-05 18:25:36.8074 | Info | AKRemindReport.AkProduct-> Îç²Í  
10:30-11:00 
2018-11-05 18:25:37.0418 | Info | AKRemindReport.AkProduct-> Îç²Í  
11:00-11:30 
2018-11-05 18:25:37.3073 | Info | AKRemindReport.AkProduct-> Îç²Í  
11:30-12:00 
2018-11-05 18:25:37.5490 | Info | AKRemindReport.AkProduct-> Îç²Í  
12:00-12:30 
2018-11-05 18:25:37.7292 | Info | AKRemindReport.AkProduct-> Îç²Í  
12:30-13:00 
2018-11-05 18:25:37.9635 | Info | AKRemindReport.AkProduct-> Îç²Í  
13:00-13:30 
2018-11-05 18:25:38.1510 | Info | AKRemindReport.AkProduct-> Îç²Í  
13:30-14:00 
2018-11-05 18:25:38.6736 | Info | AKRemindReport.AkProduct-> ÏÂÎç²è  
14:00-14:30 
2018-11-05 18:25:38.9236 | Info | AKRemindReport.AkProduct-> ÏÂÎç²è  
14:30-15:00 
2018-11-05 18:25:39.1579 | Info | AKRemindReport.AkProduct-> ÏÂÎç²è  
15:00-15:30 
2018-11-05 18:25:39.3922 | Info | AKRemindReport.AkProduct-> ÏÂÎç²è  
15:30-16:00 
2018-11-05 18:25:39.6555 | Info | AKRemindReport.AkProduct-> ÏÂÎç²è  
16:00-16:30 
2018-11-05 18:25:39.9044 | Info | AKRemindReport.AkProduct-> ÏÂÎç²è  
16:30-17:00 
2018-11-05 18:25:40.3887 | Info | AKRemindReport.AkProduct-> Íí²Í  
17:00-17:30 
2018-11-05 18:25:40.6548 | Info | AKRemindReport.AkProduct-> Íí²Í  
17:30-18:00 
2018-11-05 18:25:40.9047 | Info | AKRemindReport.AkProduct-> Íí²Í  
18:00-18:30 
2018-11-05 18:25:41.1547 | Info | AKRemindReport.AkProduct-> Íí²Í  
18:30-19:00 
2018-11-05 18:25:41.4202 | Info | AKRemindReport.AkProduct-> Íí²Í  
19:00-19:30 
2018-11-05 18:25:41.5976 | Info | AKRemindReport.AkProduct-> Íí²Í  
19:30-20:00 
2018-11-05 18:25:41.8632 | Info | AKRemindReport.AkProduct-> Íí²Í  
20:00-20:30 
2018-11-05 18:25:42.1131 | Info | AKRemindReport.AkProduct-> Íí²Í  
20:30-21:00 
2018-11-05 18:25:42.3474 | Info | AKRemindReport.AkProduct-> Íí²Í  
21:00-21:30 
2018-11-05 18:25:42.5966 | Info | AKRemindReport.AkProduct-> Íí²Í  
21:30-22:00 
2018-11-05 21:03:59.6361 | Info | ½ø³Ì¶ÔÓ¦µÄÄ¿Â¼²»´æÔÚ 
 
2018-11-05 21:04:22.3912 | Info | AKRemindReport.AkProduct-> Ôç²Í  
06:00-06:30 
2018-11-05 21:10:57.3555 | Info | AKRemindReport.AkProduct-> Ôç²Í  
06:30-07:00 
